<?xml version="1.0" encoding="UTF-8"?>
<!-- Generated by org.testng.reporters.JUnitXMLReporter -->
<testsuite ignored="0" hostname="DESKTOP-121FGTS" failures="0" tests="3" name="Google Test_firefox" time="139.267" errors="0" timestamp="2023-07-13T22:28:02 IST">
  <testcase classname="MyTestPackage.GoogleTest" name="googleTitleTest" time="0.0">
    <skipped/>
  </testcase> <!-- googleTitleTest -->
  <testcase classname="MyTestPackage.GoogleTest" name="googleUrlTest" time="0.0">
    <skipped/>
  </testcase> <!-- googleUrlTest -->
  <testcase classname="MyTestPackage.GoogleTest" name="googleSearchTest" time="0.0">
    <skipped/>
  </testcase> <!-- googleSearchTest -->
</testsuite> <!-- Google Test_firefox -->
