<?xml version="1.0" encoding="UTF-8"?>
<!-- Generated by org.testng.reporters.JUnitXMLReporter -->
<testsuite ignored="0" hostname="DESKTOP-121FGTS" failures="0" tests="4" name="Default test" time="38.255" errors="0" timestamp="2023-07-14T13:21:40 IST">
  <testcase classname="MyTestPackage.SearchTest" name="SearchTest" time="3.168"/>
  <testcase classname="MyTestPackage.SearchTest" name="SearchTest" time="1.718"/>
  <testcase classname="MyTestPackage.SearchTest" name="SearchTest" time="1.6"/>
  <testcase classname="MyTestPackage.SearchTest" name="SearchTest" time="1.668"/>
</testsuite> <!-- Default test -->
